This is pdfTeX, Version 3.141592653-2.6-1.40.26 (TeX Live 2024) (preloaded format=pdflatex 2024.3.25)  28 OCT 2024 17:38
entering extended mode
 restricted \write18 enabled.
 file:line:error style messages enabled.
 %&-line parsing enabled.
**User_Manual.tex
(./User_Manual.tex
LaTeX2e <2023-11-01> patch level 1
L3 programming layer <2024-02-20>
(/usr/local/texlive/2024/texmf-dist/tex/latex/base/article.cls
Document Class: article 2023/05/17 v1.4n Standard LaTeX document class
(/usr/local/texlive/2024/texmf-dist/tex/latex/base/size12.clo
File: size12.clo 2023/05/17 v1.4n Standard LaTeX file (size option)
)
\c@part=\count188
\c@section=\count189
\c@subsection=\count190
\c@subsubsection=\count191
\c@paragraph=\count192
\c@subparagraph=\count193
\c@figure=\count194
\c@table=\count195
\abovecaptionskip=\skip48
\belowcaptionskip=\skip49
\bibindent=\dimen140
)
(/usr/local/texlive/2024/texmf-dist/tex/latex/graphics/graphicx.sty
Package: graphicx 2021/09/16 v1.2d Enhanced LaTeX Graphics (DPC,SPQR)

(/usr/local/texlive/2024/texmf-dist/tex/latex/graphics/keyval.sty
Package: keyval 2022/05/29 v1.15 key=value parser (DPC)
\KV@toks@=\toks17
)
(/usr/local/texlive/2024/texmf-dist/tex/latex/graphics/graphics.sty
Package: graphics 2022/03/10 v1.4e Standard LaTeX Graphics (DPC,SPQR)

(/usr/local/texlive/2024/texmf-dist/tex/latex/graphics/trig.sty
Package: trig 2021/08/11 v1.11 sin cos tan (DPC)
)
(/usr/local/texlive/2024/texmf-dist/tex/latex/graphics-cfg/graphics.cfg
File: graphics.cfg 2016/06/04 v1.11 sample graphics configuration
)
Package graphics Info: Driver file: pdftex.def on input line 107.

(/usr/local/texlive/2024/texmf-dist/tex/latex/graphics-def/pdftex.def
File: pdftex.def 2022/09/22 v1.2b Graphics/color driver for pdftex
))
\Gin@req@height=\dimen141
\Gin@req@width=\dimen142
)
(/usr/local/texlive/2024/texmf-dist/tex/latex/geometry/geometry.sty
Package: geometry 2020/01/02 v5.9 Page Geometry

(/usr/local/texlive/2024/texmf-dist/tex/generic/iftex/ifvtex.sty
Package: ifvtex 2019/10/25 v1.7 ifvtex legacy package. Use iftex instead.

(/usr/local/texlive/2024/texmf-dist/tex/generic/iftex/iftex.sty
Package: iftex 2022/02/03 v1.0f TeX engine tests
))
\Gm@cnth=\count196
\Gm@cntv=\count197
\c@Gm@tempcnt=\count198
\Gm@bindingoffset=\dimen143
\Gm@wd@mp=\dimen144
\Gm@odd@mp=\dimen145
\Gm@even@mp=\dimen146
\Gm@layoutwidth=\dimen147
\Gm@layoutheight=\dimen148
\Gm@layouthoffset=\dimen149
\Gm@layoutvoffset=\dimen150
\Gm@dimlist=\toks18
)
(/usr/local/texlive/2024/texmf-dist/tex/latex/amsmath/amsmath.sty
Package: amsmath 2023/05/13 v2.17o AMS math features
\@mathmargin=\skip50

For additional information on amsmath, use the `?' option.
(/usr/local/texlive/2024/texmf-dist/tex/latex/amsmath/amstext.sty
Package: amstext 2021/08/26 v2.01 AMS text

(/usr/local/texlive/2024/texmf-dist/tex/latex/amsmath/amsgen.sty
File: amsgen.sty 1999/11/30 v2.0 generic functions
\@emptytoks=\toks19
\ex@=\dimen151
))
(/usr/local/texlive/2024/texmf-dist/tex/latex/amsmath/amsbsy.sty
Package: amsbsy 1999/11/29 v1.2d Bold Symbols
\pmbraise@=\dimen152
)
(/usr/local/texlive/2024/texmf-dist/tex/latex/amsmath/amsopn.sty
Package: amsopn 2022/04/08 v2.04 operator names
)
\inf@bad=\count199
LaTeX Info: Redefining \frac on input line 234.
\uproot@=\count266
\leftroot@=\count267
LaTeX Info: Redefining \overline on input line 399.
LaTeX Info: Redefining \colon on input line 410.
\classnum@=\count268
\DOTSCASE@=\count269
LaTeX Info: Redefining \ldots on input line 496.
LaTeX Info: Redefining \dots on input line 499.
LaTeX Info: Redefining \cdots on input line 620.
\Mathstrutbox@=\box51
\strutbox@=\box52
LaTeX Info: Redefining \big on input line 722.
LaTeX Info: Redefining \Big on input line 723.
LaTeX Info: Redefining \bigg on input line 724.
LaTeX Info: Redefining \Bigg on input line 725.
\big@size=\dimen153
LaTeX Font Info:    Redeclaring font encoding OML on input line 743.
LaTeX Font Info:    Redeclaring font encoding OMS on input line 744.
\macc@depth=\count270
LaTeX Info: Redefining \bmod on input line 905.
LaTeX Info: Redefining \pmod on input line 910.
LaTeX Info: Redefining \smash on input line 940.
LaTeX Info: Redefining \relbar on input line 970.
LaTeX Info: Redefining \Relbar on input line 971.
\c@MaxMatrixCols=\count271
\dotsspace@=\muskip16
\c@parentequation=\count272
\dspbrk@lvl=\count273
\tag@help=\toks20
\row@=\count274
\column@=\count275
\maxfields@=\count276
\andhelp@=\toks21
\eqnshift@=\dimen154
\alignsep@=\dimen155
\tagshift@=\dimen156
\tagwidth@=\dimen157
\totwidth@=\dimen158
\lineht@=\dimen159
\@envbody=\toks22
\multlinegap=\skip51
\multlinetaggap=\skip52
\mathdisplay@stack=\toks23
LaTeX Info: Redefining \[ on input line 2953.
LaTeX Info: Redefining \] on input line 2954.
)
(/usr/local/texlive/2024/texmf-dist/tex/latex/fancyhdr/fancyhdr.sty
Package: fancyhdr 2022/11/09 v4.1 Extensive control of page headers and footers

\f@nch@headwidth=\skip53
\f@nch@O@elh=\skip54
\f@nch@O@erh=\skip55
\f@nch@O@olh=\skip56
\f@nch@O@orh=\skip57
\f@nch@O@elf=\skip58
\f@nch@O@erf=\skip59
\f@nch@O@olf=\skip60
\f@nch@O@orf=\skip61
)
(/usr/local/texlive/2024/texmf-dist/tex/latex/titlesec/titlesec.sty
Package: titlesec 2023/10/27 v2.16 Sectioning titles
\ttl@box=\box53
\beforetitleunit=\skip62
\aftertitleunit=\skip63
\ttl@plus=\dimen160
\ttl@minus=\dimen161
\ttl@toksa=\toks24
\titlewidth=\dimen162
\titlewidthlast=\dimen163
\titlewidthfirst=\dimen164
)
(/usr/local/texlive/2024/texmf-dist/tex/latex/listings/listings.sty
\lst@mode=\count277
\lst@gtempboxa=\box54
\lst@token=\toks25
\lst@length=\count278
\lst@currlwidth=\dimen165
\lst@column=\count279
\lst@pos=\count280
\lst@lostspace=\dimen166
\lst@width=\dimen167
\lst@newlines=\count281
\lst@lineno=\count282
\lst@maxwidth=\dimen168

(/usr/local/texlive/2024/texmf-dist/tex/latex/listings/lstpatch.sty
File: lstpatch.sty 2024/02/21 1.10 (Carsten Heinz)
)
(/usr/local/texlive/2024/texmf-dist/tex/latex/listings/lstmisc.sty
File: lstmisc.sty 2024/02/21 1.10 (Carsten Heinz)
\c@lstnumber=\count283
\lst@skipnumbers=\count284
\lst@framebox=\box55
)
(/usr/local/texlive/2024/texmf-dist/tex/latex/listings/listings.cfg
File: listings.cfg 2024/02/21 1.10 listings configuration
))
Package: listings 2024/02/21 1.10 (Carsten Heinz)

(/usr/local/texlive/2024/texmf-dist/tex/latex/xcolor/xcolor.sty
Package: xcolor 2023/11/15 v3.01 LaTeX color extensions (UK)

(/usr/local/texlive/2024/texmf-dist/tex/latex/graphics-cfg/color.cfg
File: color.cfg 2016/01/02 v1.6 sample color configuration
)
Package xcolor Info: Driver file: pdftex.def on input line 274.

(/usr/local/texlive/2024/texmf-dist/tex/latex/graphics/mathcolor.ltx)
Package xcolor Info: Model `cmy' substituted by `cmy0' on input line 1350.
Package xcolor Info: Model `hsb' substituted by `rgb' on input line 1354.
Package xcolor Info: Model `RGB' extended on input line 1366.
Package xcolor Info: Model `HTML' substituted by `rgb' on input line 1368.
Package xcolor Info: Model `Hsb' substituted by `hsb' on input line 1369.
Package xcolor Info: Model `tHsb' substituted by `hsb' on input line 1370.
Package xcolor Info: Model `HSB' substituted by `hsb' on input line 1371.
Package xcolor Info: Model `Gray' substituted by `gray' on input line 1372.
Package xcolor Info: Model `wave' substituted by `hsb' on input line 1373.
)
(/usr/local/texlive/2024/texmf-dist/tex/latex/hyperref/hyperref.sty
Package: hyperref 2024-01-20 v7.01h Hypertext links for LaTeX

(/usr/local/texlive/2024/texmf-dist/tex/latex/kvsetkeys/kvsetkeys.sty
Package: kvsetkeys 2022-10-05 v1.19 Key value parser (HO)
)
(/usr/local/texlive/2024/texmf-dist/tex/generic/kvdefinekeys/kvdefinekeys.sty
Package: kvdefinekeys 2019-12-19 v1.6 Define keys (HO)
)
(/usr/local/texlive/2024/texmf-dist/tex/generic/pdfescape/pdfescape.sty
Package: pdfescape 2019/12/09 v1.15 Implements pdfTeX's escape features (HO)

(/usr/local/texlive/2024/texmf-dist/tex/generic/ltxcmds/ltxcmds.sty
Package: ltxcmds 2023-12-04 v1.26 LaTeX kernel commands for general use (HO)
)
(/usr/local/texlive/2024/texmf-dist/tex/generic/pdftexcmds/pdftexcmds.sty
Package: pdftexcmds 2020-06-27 v0.33 Utility functions of pdfTeX for LuaTeX (HO
)

(/usr/local/texlive/2024/texmf-dist/tex/generic/infwarerr/infwarerr.sty
Package: infwarerr 2019/12/03 v1.5 Providing info/warning/error messages (HO)
)
Package pdftexcmds Info: \pdf@primitive is available.
Package pdftexcmds Info: \pdf@ifprimitive is available.
Package pdftexcmds Info: \pdfdraftmode found.
))
(/usr/local/texlive/2024/texmf-dist/tex/latex/hycolor/hycolor.sty
Package: hycolor 2020-01-27 v1.10 Color options for hyperref/bookmark (HO)
)
(/usr/local/texlive/2024/texmf-dist/tex/latex/auxhook/auxhook.sty
Package: auxhook 2019-12-17 v1.6 Hooks for auxiliary files (HO)
)
(/usr/local/texlive/2024/texmf-dist/tex/latex/hyperref/nameref.sty
Package: nameref 2023-11-26 v2.56 Cross-referencing by name of section

(/usr/local/texlive/2024/texmf-dist/tex/latex/refcount/refcount.sty
Package: refcount 2019/12/15 v3.6 Data extraction from label references (HO)
)
(/usr/local/texlive/2024/texmf-dist/tex/generic/gettitlestring/gettitlestring.s
ty
Package: gettitlestring 2019/12/15 v1.6 Cleanup title references (HO)
 (/usr/local/texlive/2024/texmf-dist/tex/latex/kvoptions/kvoptions.sty
Package: kvoptions 2022-06-15 v3.15 Key value format for package options (HO)
))
\c@section@level=\count285
)
(/usr/local/texlive/2024/texmf-dist/tex/latex/etoolbox/etoolbox.sty
Package: etoolbox 2020/10/05 v2.5k e-TeX tools for LaTeX (JAW)
\etb@tempcnta=\count286
)
\@linkdim=\dimen169
\Hy@linkcounter=\count287
\Hy@pagecounter=\count288

(/usr/local/texlive/2024/texmf-dist/tex/latex/hyperref/pd1enc.def
File: pd1enc.def 2024-01-20 v7.01h Hyperref: PDFDocEncoding definition (HO)
Now handling font encoding PD1 ...
... no UTF-8 mapping file for font encoding PD1
)
(/usr/local/texlive/2024/texmf-dist/tex/generic/intcalc/intcalc.sty
Package: intcalc 2019/12/15 v1.3 Expandable calculations with integers (HO)
)
\Hy@SavedSpaceFactor=\count289

(/usr/local/texlive/2024/texmf-dist/tex/latex/hyperref/puenc.def
File: puenc.def 2024-01-20 v7.01h Hyperref: PDF Unicode definition (HO)
Now handling font encoding PU ...
... no UTF-8 mapping file for font encoding PU
)
Package hyperref Info: Hyper figures OFF on input line 4179.
Package hyperref Info: Link nesting OFF on input line 4184.
Package hyperref Info: Hyper index ON on input line 4187.
Package hyperref Info: Plain pages OFF on input line 4194.
Package hyperref Info: Backreferencing OFF on input line 4199.
Package hyperref Info: Implicit mode ON; LaTeX internals redefined.
Package hyperref Info: Bookmarks ON on input line 4446.
\c@Hy@tempcnt=\count290

(/usr/local/texlive/2024/texmf-dist/tex/latex/url/url.sty
\Urlmuskip=\muskip17
Package: url 2013/09/16  ver 3.4  Verb mode for urls, etc.
)
LaTeX Info: Redefining \url on input line 4784.
\XeTeXLinkMargin=\dimen170

(/usr/local/texlive/2024/texmf-dist/tex/generic/bitset/bitset.sty
Package: bitset 2019/12/09 v1.3 Handle bit-vector datatype (HO)

(/usr/local/texlive/2024/texmf-dist/tex/generic/bigintcalc/bigintcalc.sty
Package: bigintcalc 2019/12/15 v1.5 Expandable calculations on big integers (HO
)
))
\Fld@menulength=\count291
\Field@Width=\dimen171
\Fld@charsize=\dimen172
Package hyperref Info: Hyper figures OFF on input line 6063.
Package hyperref Info: Link nesting OFF on input line 6068.
Package hyperref Info: Hyper index ON on input line 6071.
Package hyperref Info: backreferencing OFF on input line 6078.
Package hyperref Info: Link coloring OFF on input line 6083.
Package hyperref Info: Link coloring with OCG OFF on input line 6088.
Package hyperref Info: PDF/A mode OFF on input line 6093.

(/usr/local/texlive/2024/texmf-dist/tex/latex/base/atbegshi-ltx.sty
Package: atbegshi-ltx 2021/01/10 v1.0c Emulation of the original atbegshi
package with kernel methods
)
\Hy@abspage=\count292
\c@Item=\count293
\c@Hfootnote=\count294
)
Package hyperref Info: Driver (autodetected): hpdftex.

(/usr/local/texlive/2024/texmf-dist/tex/latex/hyperref/hpdftex.def
File: hpdftex.def 2024-01-20 v7.01h Hyperref driver for pdfTeX

(/usr/local/texlive/2024/texmf-dist/tex/latex/base/atveryend-ltx.sty
Package: atveryend-ltx 2020/08/19 v1.0a Emulation of the original atveryend pac
kage
with kernel methods
)
\Fld@listcount=\count295
\c@bookmark@seq@number=\count296

(/usr/local/texlive/2024/texmf-dist/tex/latex/rerunfilecheck/rerunfilecheck.sty
Package: rerunfilecheck 2022-07-10 v1.10 Rerun checks for auxiliary files (HO)

(/usr/local/texlive/2024/texmf-dist/tex/generic/uniquecounter/uniquecounter.sty
Package: uniquecounter 2019/12/15 v1.4 Provide unlimited unique counter (HO)
)
Package uniquecounter Info: New unique counter `rerunfilecheck' on input line 2
85.
)
\Hy@SectionHShift=\skip64
) (/usr/local/texlive/2024/texmf-dist/tex/latex/tools/array.sty
Package: array 2023/10/16 v2.5g Tabular extension package (FMi)
\col@sep=\dimen173
\ar@mcellbox=\box56
\extrarowheight=\dimen174
\NC@list=\toks26
\extratabsurround=\skip65
\backup@length=\skip66
\ar@cellbox=\box57
)
(/usr/local/texlive/2024/texmf-dist/tex/latex/l3backend/l3backend-pdftex.def
File: l3backend-pdftex.def 2024-02-20 L3 backend support: PDF output (pdfTeX)
\l__color_backend_stack_int=\count297
\l__pdf_internal_box=\box58
)
(./User_Manual.aux)
\openout1 = `User_Manual.aux'.

LaTeX Font Info:    Checking defaults for OML/cmm/m/it on input line 18.
LaTeX Font Info:    ... okay on input line 18.
LaTeX Font Info:    Checking defaults for OMS/cmsy/m/n on input line 18.
LaTeX Font Info:    ... okay on input line 18.
LaTeX Font Info:    Checking defaults for OT1/cmr/m/n on input line 18.
LaTeX Font Info:    ... okay on input line 18.
LaTeX Font Info:    Checking defaults for T1/cmr/m/n on input line 18.
LaTeX Font Info:    ... okay on input line 18.
LaTeX Font Info:    Checking defaults for TS1/cmr/m/n on input line 18.
LaTeX Font Info:    ... okay on input line 18.
LaTeX Font Info:    Checking defaults for OMX/cmex/m/n on input line 18.
LaTeX Font Info:    ... okay on input line 18.
LaTeX Font Info:    Checking defaults for U/cmr/m/n on input line 18.
LaTeX Font Info:    ... okay on input line 18.
LaTeX Font Info:    Checking defaults for PD1/pdf/m/n on input line 18.
LaTeX Font Info:    ... okay on input line 18.
LaTeX Font Info:    Checking defaults for PU/pdf/m/n on input line 18.
LaTeX Font Info:    ... okay on input line 18.

(/usr/local/texlive/2024/texmf-dist/tex/context/base/mkii/supp-pdf.mkii
[Loading MPS to PDF converter (version 2006.09.02).]
\scratchcounter=\count298
\scratchdimen=\dimen175
\scratchbox=\box59
\nofMPsegments=\count299
\nofMParguments=\count300
\everyMPshowfont=\toks27
\MPscratchCnt=\count301
\MPscratchDim=\dimen176
\MPnumerator=\count302
\makeMPintoPDFobject=\count303
\everyMPtoPDFconversion=\toks28
) (/usr/local/texlive/2024/texmf-dist/tex/latex/epstopdf-pkg/epstopdf-base.sty
Package: epstopdf-base 2020-01-24 v2.11 Base part for package epstopdf
Package epstopdf-base Info: Redefining graphics rule for `.eps' on input line 4
85.

(/usr/local/texlive/2024/texmf-dist/tex/latex/latexconfig/epstopdf-sys.cfg
File: epstopdf-sys.cfg 2010/07/13 v1.3 Configuration of (r)epstopdf for TeX Liv
e
))
*geometry* driver: auto-detecting
*geometry* detected driver: pdftex
*geometry* verbose mode - [ preamble ] result:
* driver: pdftex
* paper: a4paper
* layout: <same size as paper>
* layoutoffset:(h,v)=(0.0pt,0.0pt)
* modes: 
* h-part:(L,W,R)=(71.13188pt, 455.24411pt, 71.13188pt)
* v-part:(T,H,B)=(71.13188pt, 702.78308pt, 71.13188pt)
* \paperwidth=597.50787pt
* \paperheight=845.04684pt
* \textwidth=455.24411pt
* \textheight=702.78308pt
* \oddsidemargin=-1.1381pt
* \evensidemargin=-1.1381pt
* \topmargin=-38.1381pt
* \headheight=12.0pt
* \headsep=25.0pt
* \topskip=12.0pt
* \footskip=30.0pt
* \marginparwidth=35.0pt
* \marginparsep=10.0pt
* \columnsep=10.0pt
* \skip\footins=10.8pt plus 4.0pt minus 2.0pt
* \hoffset=0.0pt
* \voffset=0.0pt
* \mag=1000
* \@twocolumnfalse
* \@twosidefalse
* \@mparswitchfalse
* \@reversemarginfalse
* (1in=72.27pt=25.4mm, 1cm=28.453pt)

\c@lstlisting=\count304
Package hyperref Info: Link coloring OFF on input line 18.
(./User_Manual.out) (./User_Manual.out)
\@outlinefile=\write3
\openout3 = `User_Manual.out'.

<Logo-PyQuake3D.png, id=64, 644.04614pt x 256.0767pt>
File: Logo-PyQuake3D.png Graphic file (type png)
<use Logo-PyQuake3D.png>
Package pdftex.def Info: Logo-PyQuake3D.png  used on input line 31.
(pdftex.def)             Requested size: 455.24411pt x 181.0108pt.
 [1

{/usr/local/texlive/2024/texmf-var/fonts/map/pdftex/updmap/pdftex.map} <./Logo-
PyQuake3D.png>] (./User_Manual.toc)
\tf@toc=\write4
\openout4 = `User_Manual.toc'.


pdfTeX warning (ext4): destination with the same identifier (name{page.1}) has 
been already used, duplicate ignored
<to be read again> 
                   \relax 
l.55 \newpage
              [1]
Underfull \hbox (badness 10000) in paragraph at lines 62--63

 []


Overfull \hbox (31.84012pt too wide) in paragraph at lines 84--86
\OT1/cmtt/m/n/12 python -g --inputgeo <input[]geometry[]file> -p --inputpara <i
nput[]parameter[]file> 
 []


Underfull \hbox (badness 10000) in paragraph at lines 84--86

 []


Overfull \hbox (32.58113pt too wide) in paragraph at lines 87--89
\OT1/cmtt/m/n/12 python src/main.py -g --examples/bp5t/bp5t.msh -p --examples/b
p5t/parameter.txt 
 []


Underfull \hbox (badness 10000) in paragraph at lines 87--89

 []


Underfull \hbox (badness 10000) in paragraph at lines 90--92

 []

[2]
Overfull \hbox (5.04648pt too wide) in paragraph at lines 98--99
\OT1/cmr/m/n/12 model (https://www.sciencebase.gov/catalog/item/5aa1b00ee4b0b1c
392e86467). Sur-face0
 []


Overfull \hbox (16.84041pt too wide) in paragraph at lines 114--115
\OT1/cmr/m/n/12 than by chang-ing the source code. The in-put vari-able list is
 in $\OML/cmm/m/it/12 Table$ []\OT1/cmr/m/n/12 1[]. If $\OML/cmm/m/it/12 InputH
etoparamter$
 []


Underfull \hbox (badness 10000) in paragraph at lines 126--126
[]|\OT1/cmtt/m/n/12 Corefunc
 []


Underfull \hbox (badness 10000) in paragraph at lines 128--128
[]|\OT1/cmtt/m/n/12 Input
 []


Underfull \hbox (badness 10000) in paragraph at lines 130--130
[]|\OT1/cmtt/m/n/12 Inputparamter
 []


Underfull \hbox (badness 10000) in paragraph at lines 142--142
[]|\OT1/cmr/m/n/12 2670
 []


Underfull \hbox (badness 10000) in paragraph at lines 144--144
[]|\OT1/cmtt/m/n/12 Reference slip
 []


Underfull \hbox (badness 10000) in paragraph at lines 146--146
[]|\OT1/cmtt/m/n/12 Reference
 []


Underfull \hbox (badness 10000) in paragraph at lines 146--146
\OT1/cmtt/m/n/12 friction
 []


Underfull \hbox (badness 10000) in paragraph at lines 148--148
[]|\OT1/cmtt/m/n/12 Plate loading
 []


LaTeX Warning: `!h' float specifier changed to `!ht'.


Underfull \hbox (badness 10000) in paragraph at lines 164--164
[]|\OT1/cmtt/m/n/12 Vertical
 []


Underfull \hbox (badness 10000) in paragraph at lines 164--164
\OT1/cmtt/m/n/12 principal stress
 []


Underfull \hbox (badness 10000) in paragraph at lines 166--166
[]|\OT1/cmtt/m/n/12 Maximum
 []


Underfull \hbox (badness 10000) in paragraph at lines 166--166
\OT1/cmtt/m/n/12 horizontal
 []


Underfull \hbox (badness 10000) in paragraph at lines 166--166
\OT1/cmtt/m/n/12 principal stress
 []


Underfull \hbox (badness 10000) in paragraph at lines 168--168
[]|\OT1/cmtt/m/n/12 Minimum
 []


Underfull \hbox (badness 10000) in paragraph at lines 168--168
\OT1/cmtt/m/n/12 horizontal
 []


Underfull \hbox (badness 10000) in paragraph at lines 168--168
\OT1/cmtt/m/n/12 principal
 []


Underfull \hbox (badness 10000) in paragraph at lines 170--170
[]|\OT1/cmtt/m/n/12 Angle between
 []


Underfull \hbox (badness 2229) in paragraph at lines 170--171
[]|\OT1/cmr/m/n/12 Angle be-tween max-i-mum hor-i-zon-tal prin-ci-pal
 []


Underfull \hbox (badness 10000) in paragraph at lines 172--172
[]|\OT1/cmtt/m/n/12 Vertical
 []


Underfull \hbox (badness 10000) in paragraph at lines 172--172
\OT1/cmtt/m/n/12 principal stress
 []


Underfull \hbox (badness 10000) in paragraph at lines 174--174
[]|\OT1/cmtt/m/n/12 Vertical
 []


Underfull \hbox (badness 10000) in paragraph at lines 174--174
\OT1/cmtt/m/n/12 principal stress
 []


Underfull \hbox (badness 10000) in paragraph at lines 174--174
\OT1/cmtt/m/n/12 value varies
 []


Underfull \hbox (badness 10000) in paragraph at lines 176--176
[]|\OT1/cmtt/m/n/12 Vertical
 []


Underfull \hbox (badness 10000) in paragraph at lines 176--176
\OT1/cmtt/m/n/12 principal stress
 []


Underfull \hbox (badness 10000) in paragraph at lines 176--176
\OT1/cmtt/m/n/12 value varies
 []


Underfull \hbox (badness 10000) in paragraph at lines 178--178
[]|\OT1/cmtt/m/n/12 Shear traction
 []


Underfull \hbox (badness 10000) in paragraph at lines 178--178
\OT1/cmtt/m/n/12 solved from
 []


Underfull \hbox (badness 10000) in paragraph at lines 180--180
[]|\OT1/cmtt/m/n/12 Rake solved from
 []


Underfull \hbox (badness 10000) in paragraph at lines 184--184
[]|\OT1/cmtt/m/n/12 Shear traction
 []


Underfull \hbox (badness 10000) in paragraph at lines 186--186
[]|\OT1/cmtt/m/n/12 Shear traction
 []


Underfull \hbox (badness 10000) in paragraph at lines 188--188
[]|\OT1/cmtt/m/n/12 Shear traction
 []


Underfull \hbox (badness 10000) in paragraph at lines 188--188
\OT1/cmtt/m/n/12 in nucleartion
 []


Underfull \hbox (badness 10000) in paragraph at lines 190--190
[]|\OT1/cmtt/m/n/12 Widths of VS
 []


Underfull \hbox (badness 10000) in paragraph at lines 192--192
[]|\OT1/cmtt/m/n/12 Transition
 []


Underfull \hbox (badness 10000) in paragraph at lines 192--192
\OT1/cmtt/m/n/12 region ratio
 []


Underfull \hbox (badness 10000) in paragraph at lines 192--192
\OT1/cmtt/m/n/12 from VS to VW
 []


LaTeX Warning: Float too large for page by 7.1832pt on input line 195.


LaTeX Warning: `!h' float specifier changed to `!ht'.


Underfull \hbox (badness 10000) in paragraph at lines 207--207
[]|\OT1/cmtt/m/n/12 Radius of
 []


Underfull \hbox (badness 10000) in paragraph at lines 215--215
[]|\OT1/cmtt/m/n/12 Rate-and-state
 []


Underfull \hbox (badness 10000) in paragraph at lines 215--215
\OT1/cmtt/m/n/12 parameters a in
 []


Underfull \hbox (badness 10000) in paragraph at lines 217--217
[]|\OT1/cmtt/m/n/12 Rate-and-state
 []


Underfull \hbox (badness 10000) in paragraph at lines 217--217
\OT1/cmtt/m/n/12 parameters b in
 []


Underfull \hbox (badness 10000) in paragraph at lines 219--219
[]|\OT1/cmtt/m/n/12 Characteristic
 []


Underfull \hbox (badness 10000) in paragraph at lines 219--219
\OT1/cmtt/m/n/12 slip distance in
 []


Underfull \hbox (badness 10000) in paragraph at lines 221--221
[]|\OT1/cmtt/m/n/12 Rate-and-state
 []


Underfull \hbox (badness 10000) in paragraph at lines 221--221
\OT1/cmtt/m/n/12 parameters a in
 []


Underfull \hbox (badness 10000) in paragraph at lines 223--223
[]|\OT1/cmtt/m/n/12 Rate-and-state
 []


Underfull \hbox (badness 10000) in paragraph at lines 223--223
\OT1/cmtt/m/n/12 parameters a in
 []


Underfull \hbox (badness 10000) in paragraph at lines 225--225
[]|\OT1/cmtt/m/n/12 Characteristic
 []


Underfull \hbox (badness 10000) in paragraph at lines 225--225
\OT1/cmtt/m/n/12 slip distance in
 []


Underfull \hbox (badness 10000) in paragraph at lines 227--227
[]|\OT1/cmtt/m/n/12 Rate-and-state
 []


Underfull \hbox (badness 10000) in paragraph at lines 227--227
\OT1/cmtt/m/n/12 parameters a
 []


Underfull \hbox (badness 10000) in paragraph at lines 227--227
\OT1/cmtt/m/n/12 in nucleation
 []


Underfull \hbox (badness 10000) in paragraph at lines 229--229
[]|\OT1/cmtt/m/n/12 Rate-and-state
 []


Underfull \hbox (badness 10000) in paragraph at lines 229--229
\OT1/cmtt/m/n/12 parameters a
 []


Underfull \hbox (badness 10000) in paragraph at lines 229--229
\OT1/cmtt/m/n/12 in nucleation
 []


Underfull \hbox (badness 10000) in paragraph at lines 231--231
[]|\OT1/cmtt/m/n/12 Characteristic
 []


Underfull \hbox (badness 10000) in paragraph at lines 231--231
\OT1/cmtt/m/n/12 slip distance
 []


Underfull \hbox (badness 10000) in paragraph at lines 231--231
\OT1/cmtt/m/n/12 in nucleation
 []


Underfull \hbox (badness 10000) in paragraph at lines 233--233
[]|\OT1/cmtt/m/n/12 Initial slip
 []


Underfull \hbox (badness 10000) in paragraph at lines 233--233
\OT1/cmtt/m/n/12 rate in
 []


Underfull \hbox (badness 10000) in paragraph at lines 233--233
\OT1/cmtt/m/n/12 nucleation
 []


LaTeX Warning: `!h' float specifier changed to `!ht'.


LaTeX Warning: `!h' float specifier changed to `!ht'.


Overfull \hbox (22.16553pt too wide) in paragraph at lines 259--260
\OML/cmm/m/it/12 Inputparameterfiles$\OT1/cmr/m/n/12 . The file-name for $\OML/
cmm/m/it/12 Inputparameterfiles$ \OT1/cmr/m/n/12 is de-fined within $\OML/cmm/m
/it/12 parameter:txt$\OT1/cmr/m/n/12 . 
 []

[3{/usr/local/texlive/2024/texmf-dist/fonts/enc/dvips/cm-super/cm-super-ts1.enc
}] [4]
Underfull \hbox (badness 10000) in paragraph at lines 272--275

 []


Overfull \hbox (14.25935pt too wide) in paragraph at lines 278--281
\OT1/cmr/m/n/12 li-braries au-to-mat-i-cally use mul-ti-ple cores for ma-trix o
p-er-a-tions, in-clud-ing numpy.dot.Besides,
 []

Package hyperref Info: bookmark level for unknown lstlisting defaults to 0 on i
nput line 287.
[5]
Overfull \hbox (17.6846pt too wide) in paragraph at lines 310--312
\OML/cmm/m/it/12 self:get[]oreAB[]ulproess\OT1/cmr/m/n/12 1()$ and $\OML/cmm/m/
it/12 self:A\OT1/cmr/m/n/12 1\OML/cmm/m/it/12 d; self:A\OT1/cmr/m/n/12 2\OML/cm
m/m/it/12 d; self:Bd \OT1/cmr/m/n/12 = \OML/cmm/m/it/12 self:get[]oreAB[]ulproe
ss\OT1/cmr/m/n/12 2()$
 []


Overfull \hbox (51.10614pt too wide) in paragraph at lines 325--327
\OT1/cmtt/m/n/12 Ozawa, S., Ida, A., Hoshino, T., Ando, R. (2023). Large-scale 
earthquake sequence
 []


Overfull \hbox (51.10614pt too wide) in paragraph at lines 325--327
\OT1/cmtt/m/n/12 simulations on 3-D non-planar faults using the boundary elemen
t method accelerated
 []


Overfull \hbox (20.23112pt too wide) in paragraph at lines 325--327
\OT1/cmtt/m/n/12 by lattice H-matrices. Geophysical Journal International, 232(
3), 1471-1481. 
 []


Underfull \hbox (badness 10000) in paragraph at lines 325--327

 []


Overfull \hbox (7.88112pt too wide) in paragraph at lines 328--330
\OT1/cmtt/m/n/12 Nikkhoo, M., Walter, T. R. (2015). Triangular dislocation: an 
analytical,
 []


Overfull \hbox (26.40613pt too wide) in paragraph at lines 328--330
\OT1/cmtt/m/n/12 artefact-free solution. Geophysical Journal International, 201
(2), 1119-1141. 
 []


Underfull \hbox (badness 10000) in paragraph at lines 328--330

 []


Underfull \hbox (badness 10000) in paragraph at lines 331--332

 []


Underfull \hbox (badness 10000) in paragraph at lines 333--334

 []

[6] [7] [8] [9] [10] (./User_Manual.aux)
 ***********
LaTeX2e <2023-11-01> patch level 1
L3 programming layer <2024-02-20>
 ***********
Package rerunfilecheck Info: File `User_Manual.out' has not changed.
(rerunfilecheck)             Checksum: 52E7F62A7DF4152E5D843B47008DBFAF;1976.
 ) 
Here is how much of TeX's memory you used:
 12223 strings out of 474116
 183159 string characters out of 5743682
 1960187 words of memory out of 5000000
 34405 multiletter control sequences out of 15000+600000
 565263 words of font info for 62 fonts, out of 8000000 for 9000
 1141 hyphenation exceptions out of 8191
 75i,14n,79p,839b,1903s stack positions out of 10000i,1000n,20000p,200000b,200000s
</usr/local/texlive/2024/texmf-dist/fonts/type1/public/amsfonts/cm/cmbx12.pfb
></usr/local/texlive/2024/texmf-dist/fonts/type1/public/amsfonts/cm/cmmi12.pfb>
</usr/local/texlive/2024/texmf-dist/fonts/type1/public/amsfonts/cm/cmmi8.pfb></
usr/local/texlive/2024/texmf-dist/fonts/type1/public/amsfonts/cm/cmr10.pfb></us
r/local/texlive/2024/texmf-dist/fonts/type1/public/amsfonts/cm/cmr12.pfb></usr/
local/texlive/2024/texmf-dist/fonts/type1/public/amsfonts/cm/cmr7.pfb></usr/loc
al/texlive/2024/texmf-dist/fonts/type1/public/amsfonts/cm/cmr8.pfb></usr/local/
texlive/2024/texmf-dist/fonts/type1/public/amsfonts/cm/cmsy10.pfb></usr/local/t
exlive/2024/texmf-dist/fonts/type1/public/amsfonts/cm/cmtt10.pfb></usr/local/te
xlive/2024/texmf-dist/fonts/type1/public/amsfonts/cm/cmtt12.pfb></usr/local/tex
live/2024/texmf-dist/fonts/type1/public/cm-super/sfrm1200.pfb>
Output written on User_Manual.pdf (11 pages, 279676 bytes).
PDF statistics:
 232 PDF objects out of 1000 (max. 8388607)
 193 compressed objects within 2 object streams
 49 named destinations out of 1000 (max. 500000)
 126 words of extra memory for PDF output out of 10000 (max. 10000000)

